[debug] [2021-07-23T17:41:47.698Z] ----------------------------------------------------------------------
[debug] [2021-07-23T17:41:47.700Z] Command:       C:\Program Files (x86)\nodejs\node.exe C:\Users\User\AppData\Roaming\npm\node_modules\firebase-tools\lib\bin\firebase.js init
[debug] [2021-07-23T17:41:47.701Z] CLI Version:   9.16.0
[debug] [2021-07-23T17:41:47.701Z] Platform:      win32
[debug] [2021-07-23T17:41:47.701Z] Node Version:  v14.17.0
[debug] [2021-07-23T17:41:47.702Z] Time:          Fri Jul 23 2021 20:41:47 GMT+0300 (שעון ישראל (קיץ))
[debug] [2021-07-23T17:41:47.703Z] ----------------------------------------------------------------------
[debug] 
[debug] [2021-07-23T17:41:47.716Z] > command requires scopes: ["email","openid","https://www.googleapis.com/auth/cloudplatformprojects.readonly","https://www.googleapis.com/auth/firebase","https://www.googleapis.com/auth/cloud-platform"]
[debug] [2021-07-23T17:41:47.717Z] > authorizing via signed-in user (lidorgalit@gmail.com)
[info] 
     ######## #### ########  ######## ########     ###     ######  ########
     ##        ##  ##     ## ##       ##     ##  ##   ##  ##       ##
     ######    ##  ########  ######   ########  #########  ######  ######
     ##        ##  ##    ##  ##       ##     ## ##     ##       ## ##
     ##       #### ##     ## ######## ########  ##     ##  ######  ########

You're about to initialize a Firebase project in this directory:

  C:\work\lidor\javaScript\my-project\sapirdiylatest\client

Before we get started, keep in mind:

  * You are currently outside your home directory

[info] 
=== Project Setup
[info] 
[info] First, let's associate this project directory with a Firebase project.
[info] You can create multiple project aliases by running firebase use --add, 
[info] but for now we'll just set up a default project.
[info] 
[debug] [2021-07-23T17:42:02.057Z] > refreshing access token with scopes: []
[debug] [2021-07-23T17:42:02.058Z] >>> HTTP REQUEST POST https://www.googleapis.com/oauth2/v3/token  
 <request body omitted>
[debug] [2021-07-23T17:42:02.388Z] <<< HTTP RESPONSE 200 {"cache-control":"no-cache, no-store, max-age=0, must-revalidate","expires":"Mon, 01 Jan 1990 00:00:00 GMT","pragma":"no-cache","date":"Fri, 23 Jul 2021 17:42:01 GMT","content-type":"application/json; charset=utf-8","vary":"X-Origin, Referer, Origin,Accept-Encoding","server":"scaffolding on HTTPServer2","x-xss-protection":"0","x-frame-options":"SAMEORIGIN","x-content-type-options":"nosniff","alt-svc":"h3=\":443\"; ma=2592000,h3-29=\":443\"; ma=2592000,h3-T051=\":443\"; ma=2592000,h3-Q050=\":443\"; ma=2592000,h3-Q046=\":443\"; ma=2592000,h3-Q043=\":443\"; ma=2592000,quic=\":443\"; ma=2592000; v=\"46,43\"","accept-ranges":"none","transfer-encoding":"chunked"}
[debug] [2021-07-23T17:42:02.420Z] >>> [apiv2][query] GET https://firebase.googleapis.com/v1beta1/projects pageSize=100
[debug] [2021-07-23T17:42:02.904Z] <<< [apiv2][status] GET https://firebase.googleapis.com/v1beta1/projects 200
[debug] [2021-07-23T17:42:02.904Z] <<< [apiv2][body] GET https://firebase.googleapis.com/v1beta1/projects [omitted]
[info] i  Using project sapir-diy (sapir-diy) 
[info] 
=== Hosting Setup
[info] 
[info] Your public directory is the folder (relative to your project directory) that
[info] will contain Hosting assets to be uploaded with firebase deploy. If you
[info] have a build process for your assets, use your build's output directory.
[info] 
[debug] [2021-07-23T17:42:31.248Z] ----------------------------------------------------------------------
[debug] [2021-07-23T17:42:31.252Z] Command:       C:\Program Files (x86)\nodejs\node.exe C:\Users\User\AppData\Roaming\npm\node_modules\firebase-tools\lib\bin\firebase.js init
[debug] [2021-07-23T17:42:31.253Z] CLI Version:   9.16.0
[debug] [2021-07-23T17:42:31.253Z] Platform:      win32
[debug] [2021-07-23T17:42:31.253Z] Node Version:  v14.17.0
[debug] [2021-07-23T17:42:31.254Z] Time:          Fri Jul 23 2021 20:42:31 GMT+0300 (שעון ישראל (קיץ))
[debug] [2021-07-23T17:42:31.255Z] ----------------------------------------------------------------------
[debug] 
[debug] [2021-07-23T17:42:31.268Z] > command requires scopes: ["email","openid","https://www.googleapis.com/auth/cloudplatformprojects.readonly","https://www.googleapis.com/auth/firebase","https://www.googleapis.com/auth/cloud-platform"]
[debug] [2021-07-23T17:42:31.268Z] > authorizing via signed-in user (lidorgalit@gmail.com)
[info] 
     ######## #### ########  ######## ########     ###     ######  ########
     ##        ##  ##     ## ##       ##     ##  ##   ##  ##       ##
     ######    ##  ########  ######   ########  #########  ######  ######
     ##        ##  ##    ##  ##       ##     ## ##     ##       ## ##
     ##       #### ##     ## ######## ########  ##     ##  ######  ########

You're about to initialize a Firebase project in this directory:

  C:\work\lidor\javaScript\my-project\sapirdiylatest\client

Before we get started, keep in mind:

  * You are currently outside your home directory

